<?xml version="1.0" encoding="UTF-8"?>
<testsuite xmlns:xsi="http://www.w3.org/2001/XMLSchema-instance" xsi:schemaLocation="https://maven.apache.org/surefire/maven-surefire-plugin/xsd/surefire-test-report.xsd" name="com.testRunners.RunnerTest" time="171.236" tests="62" errors="4" skipped="46" failures="0">
  <properties>
    <property name="java.runtime.name" value="Java(TM) SE Runtime Environment"/>
    <property name="sun.boot.library.path" value="C:\Program Files\Java\jdk1.8.0_161\jre\bin"/>
    <property name="java.vm.version" value="25.161-b12"/>
    <property name="java.vm.vendor" value="Oracle Corporation"/>
    <property name="maven.multiModuleProjectDirectory" value="D:\Automation\Git\JVM_Cucumber_Maven_SalesForce"/>
    <property name="java.vendor.url" value="http://java.oracle.com/"/>
    <property name="path.separator" value=";"/>
    <property name="guice.disable.misplaced.annotation.check" value="true"/>
    <property name="java.vm.name" value="Java HotSpot(TM) 64-Bit Server VM"/>
    <property name="file.encoding.pkg" value="sun.io"/>
    <property name="user.script" value=""/>
    <property name="user.country" value="US"/>
    <property name="sun.java.launcher" value="SUN_STANDARD"/>
    <property name="sun.os.patch.level" value="Service Pack 1"/>
    <property name="java.vm.specification.name" value="Java Virtual Machine Specification"/>
    <property name="user.dir" value="D:\Automation\Git\JVM_Cucumber_Maven_SalesForce"/>
    <property name="java.runtime.version" value="1.8.0_161-b12"/>
    <property name="java.awt.graphicsenv" value="sun.awt.Win32GraphicsEnvironment"/>
    <property name="java.endorsed.dirs" value="C:\Program Files\Java\jdk1.8.0_161\jre\lib\endorsed"/>
    <property name="os.arch" value="amd64"/>
    <property name="java.io.tmpdir" value="C:\Users\user\AppData\Local\Temp\"/>
    <property name="line.separator" value="&#10;"/>
    <property name="java.vm.specification.vendor" value="Oracle Corporation"/>
    <property name="user.variant" value=""/>
    <property name="os.name" value="Windows 7"/>
    <property name="classworlds.conf" value="C:\Users\user\eclipse-workspace\.metadata\.plugins\org.eclipse.m2e.launching\launches\m2conf7346493166370255109.tmp"/>
    <property name="sun.jnu.encoding" value="Cp1252"/>
    <property name="java.library.path" value="C:\Program Files\Java\jdk1.8.0_161\bin;C:\Windows\Sun\Java\bin;C:\Windows\system32;C:\Windows;C:/Program Files/Java/jre1.8.0_161/bin/server;C:/Program Files/Java/jre1.8.0_161/bin;C:/Program Files/Java/jre1.8.0_161/lib/amd64;C:\ProgramData\Oracle\Java\javapath;C:\Windows\system32;C:\Windows;C:\Windows\System32\Wbem;C:\Windows\System32\WindowsPowerShell\v1.0\;C:\Program Files\Java\jdk1.8.0_161\bin;C:\Program Files\Java\jre1.8.0_161\bin;C:\Users\user\AppData\Local\Android\android-sdk\tools;C:\Users\user\AppData\Local\Android\android-sdk\platform-tools;C:\Program Files\nodejs\;C:\Program Files\TortoiseGit\bin;D:\Java;C:\Users\user\AppData\Local\Programs\Python\Python37-32;C:\Users\user\AppData\Local\Programs\Python\Python37-32\Scripts;C:\Users\user\AppData\Roaming\npm;C:\Users\user\AppData\Local\Programs\Git\cmd;C:\Users\user\Eclipse\java-2018-122\eclipse;;."/>
    <property name="java.specification.name" value="Java Platform API Specification"/>
    <property name="java.class.version" value="52.0"/>
    <property name="sun.management.compiler" value="HotSpot 64-Bit Tiered Compilers"/>
    <property name="os.version" value="6.1"/>
    <property name="user.home" value="C:\Users\user"/>
    <property name="user.timezone" value="Asia/Calcutta"/>
    <property name="java.awt.printerjob" value="sun.awt.windows.WPrinterJob"/>
    <property name="java.specification.version" value="1.8"/>
    <property name="file.encoding" value="Cp1252"/>
    <property name="user.name" value="user"/>
    <property name="java.class.path" value="C:\Users\user\.p2\pool\plugins\org.eclipse.m2e.maven.runtime_1.10.0.20181127-2120\jars\plexus-classworlds-2.5.2.jar"/>
    <property name="java.vm.specification.version" value="1.8"/>
    <property name="sun.arch.data.model" value="64"/>
    <property name="java.home" value="C:\Program Files\Java\jdk1.8.0_161\jre"/>
    <property name="sun.java.command" value="org.codehaus.plexus.classworlds.launcher.Launcher -PSalesForce_POC -B clean test"/>
    <property name="java.specification.vendor" value="Oracle Corporation"/>
    <property name="user.language" value="en"/>
    <property name="awt.toolkit" value="sun.awt.windows.WToolkit"/>
    <property name="java.vm.info" value="mixed mode"/>
    <property name="java.version" value="1.8.0_161"/>
    <property name="java.ext.dirs" value="C:\Program Files\Java\jdk1.8.0_161\jre\lib\ext;C:\Windows\Sun\Java\lib\ext"/>
    <property name="sun.boot.class.path" value="C:\Program Files\Java\jdk1.8.0_161\jre\lib\resources.jar;C:\Program Files\Java\jdk1.8.0_161\jre\lib\rt.jar;C:\Program Files\Java\jdk1.8.0_161\jre\lib\sunrsasign.jar;C:\Program Files\Java\jdk1.8.0_161\jre\lib\jsse.jar;C:\Program Files\Java\jdk1.8.0_161\jre\lib\jce.jar;C:\Program Files\Java\jdk1.8.0_161\jre\lib\charsets.jar;C:\Program Files\Java\jdk1.8.0_161\jre\lib\jfr.jar;C:\Program Files\Java\jdk1.8.0_161\jre\classes"/>
    <property name="java.vendor" value="Oracle Corporation"/>
    <property name="maven.home" value="D:\Automation\Git\JVM_Cucumber_Maven_SalesForce\EMBEDDED"/>
    <property name="file.separator" value="\"/>
    <property name="java.vendor.url.bug" value="http://bugreport.sun.com/bugreport/"/>
    <property name="sun.cpu.endian" value="little"/>
    <property name="sun.io.unicode.encoding" value="UnicodeLittle"/>
    <property name="sun.desktop" value="windows"/>
    <property name="sun.cpu.isalist" value="amd64"/>
  </properties>
  <testcase name="Given Enter SalesForce UserName pritam.survey@aress.com" classname="| pritam.survey@aress.com | Aress12345$ | rate your day | rate your week | Good | Better | rate your month | 2 | 4 | 5 |" time="0.002"/>
  <testcase name="Then Enter SalesForce password Aress12345$" classname="| pritam.survey@aress.com | Aress12345$ | rate your day | rate your week | Good | Better | rate your month | 2 | 4 | 5 |" time="0.001"/>
  <testcase name="Then Click on SalesForce Login button" classname="| pritam.survey@aress.com | Aress12345$ | rate your day | rate your week | Good | Better | rate your month | 2 | 4 | 5 |" time="0"/>
  <testcase name="Then Click on Home" classname="| pritam.survey@aress.com | Aress12345$ | rate your day | rate your week | Good | Better | rate your month | 2 | 4 | 5 |" time="0"/>
  <testcase name="Then Click on Survey launcher" classname="| pritam.survey@aress.com | Aress12345$ | rate your day | rate your week | Good | Better | rate your month | 2 | 4 | 5 |" time="0"/>
  <testcase name="Then Click on Manage questions" classname="| pritam.survey@aress.com | Aress12345$ | rate your day | rate your week | Good | Better | rate your month | 2 | 4 | 5 |" time="0"/>
  <testcase name="Then Click on Create New Tab" classname="| pritam.survey@aress.com | Aress12345$ | rate your day | rate your week | Good | Better | rate your month | 2 | 4 | 5 |" time="0.015">
    <error message="no such element: Unable to locate element: {&quot;method&quot;:&quot;xpath&quot;,&quot;selector&quot;:&quot;//iframe[@allowfullscreen=&apos;true&apos;]&quot;}&#10;  (Session info: chrome=72.0.3626.81)&#10;  (Driver info: chromedriver=2.45.615291 (ec3682e3c9061c10f26ea9e5cdcf3c53f3f74387),platform=Windows NT 6.1.7601 SP1 x86_64) (WARNING: The server did not provide any stacktrace information)&#10;Command duration or timeout: 30.03 seconds&#10;For documentation on this error, please visit: http://seleniumhq.org/exceptions/no_such_element.html&#10;Build info: version: &apos;2.45.0&apos;, revision: &apos;5017cb8e7ca8e37638dc3091b2440b90a1d8686f&apos;, time: &apos;2015-02-27 09:10:26&apos;&#10;System info: host: &apos;Machine-102&apos;, ip: &apos;192.168.5.102&apos;, os.name: &apos;Windows 7&apos;, os.arch: &apos;amd64&apos;, os.version: &apos;6.1&apos;, java.version: &apos;1.8.0_161&apos;&#10;Driver info: org.openqa.selenium.chrome.ChromeDriver&#10;Capabilities [{mobileEmulationEnabled=false, timeouts={implicit=0, pageLoad=300000, script=30000}, hasTouchScreen=false, platform=XP, acceptSslCerts=false, goog:chromeOptions={debuggerAddress=localhost:62732}, acceptInsecureCerts=false, webStorageEnabled=true, browserName=chrome, takesScreenshot=true, javascriptEnabled=true, setWindowRect=true, unexpectedAlertBehaviour=ignore, applicationCacheEnabled=false, rotatable=false, networkConnectionEnabled=false, chrome={chromedriverVersion=2.45.615291 (ec3682e3c9061c10f26ea9e5cdcf3c53f3f74387), userDataDir=C:\Users\user\AppData\Local\Temp\scoped_dir4608_7878}, takesHeapSnapshot=true, pageLoadStrategy=normal, strictFileInteractability=false, databaseEnabled=false, handlesAlerts=true, version=72.0.3626.81, browserConnectionEnabled=false, proxy={}, nativeEvents=true, locationContextEnabled=true, cssSelectorsEnabled=true}]&#10;Session ID: 90a431930fe51e14c9d1ed8581bbe58b&#10;*** Element info: {Using=xpath, value=//iframe[@allowfullscreen=&apos;true&apos;]}" type="org.openqa.selenium.NoSuchElementException">org.openqa.selenium.NoSuchElementException: 
no such element: Unable to locate element: {"method":"xpath","selector":"//iframe[@allowfullscreen='true']"}
  (Session info: chrome=72.0.3626.81)
  (Driver info: chromedriver=2.45.615291 (ec3682e3c9061c10f26ea9e5cdcf3c53f3f74387),platform=Windows NT 6.1.7601 SP1 x86_64) (WARNING: The server did not provide any stacktrace information)
Command duration or timeout: 30.03 seconds
For documentation on this error, please visit: http://seleniumhq.org/exceptions/no_such_element.html
Build info: version: '2.45.0', revision: '5017cb8e7ca8e37638dc3091b2440b90a1d8686f', time: '2015-02-27 09:10:26'
System info: host: 'Machine-102', ip: '192.168.5.102', os.name: 'Windows 7', os.arch: 'amd64', os.version: '6.1', java.version: '1.8.0_161'
Driver info: org.openqa.selenium.chrome.ChromeDriver
Capabilities [{mobileEmulationEnabled=false, timeouts={implicit=0, pageLoad=300000, script=30000}, hasTouchScreen=false, platform=XP, acceptSslCerts=false, goog:chromeOptions={debuggerAddress=localhost:62732}, acceptInsecureCerts=false, webStorageEnabled=true, browserName=chrome, takesScreenshot=true, javascriptEnabled=true, setWindowRect=true, unexpectedAlertBehaviour=ignore, applicationCacheEnabled=false, rotatable=false, networkConnectionEnabled=false, chrome={chromedriverVersion=2.45.615291 (ec3682e3c9061c10f26ea9e5cdcf3c53f3f74387), userDataDir=C:\Users\user\AppData\Local\Temp\scoped_dir4608_7878}, takesHeapSnapshot=true, pageLoadStrategy=normal, strictFileInteractability=false, databaseEnabled=false, handlesAlerts=true, version=72.0.3626.81, browserConnectionEnabled=false, proxy={}, nativeEvents=true, locationContextEnabled=true, cssSelectorsEnabled=true}]
Session ID: 90a431930fe51e14c9d1ed8581bbe58b
*** Element info: {Using=xpath, value=//iframe[@allowfullscreen='true']}
</error>
  </testcase>
  <testcase name="| pritam.survey@aress.com | Aress12345$ | rate your day | rate your week | Good | Better | rate your month | 2 | 4 | 5 |" classname="| pritam.survey@aress.com | Aress12345$ | rate your day | rate your week | Good | Better | rate your month | 2 | 4 | 5 |" time="0.015">
    <error message="no such element: Unable to locate element: {&quot;method&quot;:&quot;xpath&quot;,&quot;selector&quot;:&quot;//iframe[@allowfullscreen=&apos;true&apos;]&quot;}&#10;  (Session info: chrome=72.0.3626.81)&#10;  (Driver info: chromedriver=2.45.615291 (ec3682e3c9061c10f26ea9e5cdcf3c53f3f74387),platform=Windows NT 6.1.7601 SP1 x86_64) (WARNING: The server did not provide any stacktrace information)&#10;Command duration or timeout: 30.03 seconds&#10;For documentation on this error, please visit: http://seleniumhq.org/exceptions/no_such_element.html&#10;Build info: version: &apos;2.45.0&apos;, revision: &apos;5017cb8e7ca8e37638dc3091b2440b90a1d8686f&apos;, time: &apos;2015-02-27 09:10:26&apos;&#10;System info: host: &apos;Machine-102&apos;, ip: &apos;192.168.5.102&apos;, os.name: &apos;Windows 7&apos;, os.arch: &apos;amd64&apos;, os.version: &apos;6.1&apos;, java.version: &apos;1.8.0_161&apos;&#10;Driver info: org.openqa.selenium.chrome.ChromeDriver&#10;Capabilities [{mobileEmulationEnabled=false, timeouts={implicit=0, pageLoad=300000, script=30000}, hasTouchScreen=false, platform=XP, acceptSslCerts=false, goog:chromeOptions={debuggerAddress=localhost:62732}, acceptInsecureCerts=false, webStorageEnabled=true, browserName=chrome, takesScreenshot=true, javascriptEnabled=true, setWindowRect=true, unexpectedAlertBehaviour=ignore, applicationCacheEnabled=false, rotatable=false, networkConnectionEnabled=false, chrome={chromedriverVersion=2.45.615291 (ec3682e3c9061c10f26ea9e5cdcf3c53f3f74387), userDataDir=C:\Users\user\AppData\Local\Temp\scoped_dir4608_7878}, takesHeapSnapshot=true, pageLoadStrategy=normal, strictFileInteractability=false, databaseEnabled=false, handlesAlerts=true, version=72.0.3626.81, browserConnectionEnabled=false, proxy={}, nativeEvents=true, locationContextEnabled=true, cssSelectorsEnabled=true}]&#10;Session ID: 90a431930fe51e14c9d1ed8581bbe58b&#10;*** Element info: {Using=xpath, value=//iframe[@allowfullscreen=&apos;true&apos;]}" type="org.openqa.selenium.NoSuchElementException">org.openqa.selenium.NoSuchElementException: 
no such element: Unable to locate element: {"method":"xpath","selector":"//iframe[@allowfullscreen='true']"}
  (Session info: chrome=72.0.3626.81)
  (Driver info: chromedriver=2.45.615291 (ec3682e3c9061c10f26ea9e5cdcf3c53f3f74387),platform=Windows NT 6.1.7601 SP1 x86_64) (WARNING: The server did not provide any stacktrace information)
Command duration or timeout: 30.03 seconds
For documentation on this error, please visit: http://seleniumhq.org/exceptions/no_such_element.html
Build info: version: '2.45.0', revision: '5017cb8e7ca8e37638dc3091b2440b90a1d8686f', time: '2015-02-27 09:10:26'
System info: host: 'Machine-102', ip: '192.168.5.102', os.name: 'Windows 7', os.arch: 'amd64', os.version: '6.1', java.version: '1.8.0_161'
Driver info: org.openqa.selenium.chrome.ChromeDriver
Capabilities [{mobileEmulationEnabled=false, timeouts={implicit=0, pageLoad=300000, script=30000}, hasTouchScreen=false, platform=XP, acceptSslCerts=false, goog:chromeOptions={debuggerAddress=localhost:62732}, acceptInsecureCerts=false, webStorageEnabled=true, browserName=chrome, takesScreenshot=true, javascriptEnabled=true, setWindowRect=true, unexpectedAlertBehaviour=ignore, applicationCacheEnabled=false, rotatable=false, networkConnectionEnabled=false, chrome={chromedriverVersion=2.45.615291 (ec3682e3c9061c10f26ea9e5cdcf3c53f3f74387), userDataDir=C:\Users\user\AppData\Local\Temp\scoped_dir4608_7878}, takesHeapSnapshot=true, pageLoadStrategy=normal, strictFileInteractability=false, databaseEnabled=false, handlesAlerts=true, version=72.0.3626.81, browserConnectionEnabled=false, proxy={}, nativeEvents=true, locationContextEnabled=true, cssSelectorsEnabled=true}]
Session ID: 90a431930fe51e14c9d1ed8581bbe58b
*** Element info: {Using=xpath, value=//iframe[@allowfullscreen='true']}
</error>
  </testcase>
  <testcase name="Then Enter New Question for FreeText type rate your day" classname="| pritam.survey@aress.com | Aress12345$ | rate your day | rate your week | Good | Better | rate your month | 2 | 4 | 5 |" time="0">
    <skipped/>
  </testcase>
  <testcase name="Then Select Required checkbox" classname="| pritam.survey@aress.com | Aress12345$ | rate your day | rate your week | Good | Better | rate your month | 2 | 4 | 5 |" time="0">
    <skipped/>
  </testcase>
  <testcase name="Then Select Required checkbox" classname="| pritam.survey@aress.com | Aress12345$ | rate your day | rate your week | Good | Better | rate your month | 2 | 4 | 5 |" time="0">
    <skipped/>
  </testcase>
  <testcase name="Then Click on Save button to save the question" classname="| pritam.survey@aress.com | Aress12345$ | rate your day | rate your week | Good | Better | rate your month | 2 | 4 | 5 |" time="0">
    <skipped/>
  </testcase>
  <testcase name="Then Click on Save button to save the question" classname="| pritam.survey@aress.com | Aress12345$ | rate your day | rate your week | Good | Better | rate your month | 2 | 4 | 5 |" time="0">
    <skipped/>
  </testcase>
  <testcase name="Then Click on Save button to save the question" classname="| pritam.survey@aress.com | Aress12345$ | rate your day | rate your week | Good | Better | rate your month | 2 | 4 | 5 |" time="0">
    <skipped/>
  </testcase>
  <testcase name="Then Click on Create new" classname="| pritam.survey@aress.com | Aress12345$ | rate your day | rate your week | Good | Better | rate your month | 2 | 4 | 5 |" time="0">
    <skipped/>
  </testcase>
  <testcase name="Then Click on Create new" classname="| pritam.survey@aress.com | Aress12345$ | rate your day | rate your week | Good | Better | rate your month | 2 | 4 | 5 |" time="0">
    <skipped/>
  </testcase>
  <testcase name="Then Enter New Question for Radio type rate your week" classname="| pritam.survey@aress.com | Aress12345$ | rate your day | rate your week | Good | Better | rate your month | 2 | 4 | 5 |" time="0">
    <skipped/>
  </testcase>
  <testcase name="Then Select Type of Question as Radio" classname="| pritam.survey@aress.com | Aress12345$ | rate your day | rate your week | Good | Better | rate your month | 2 | 4 | 5 |" time="0">
    <skipped/>
  </testcase>
  <testcase name="Then Select Weightage value as 2 from dropdown 2" classname="| pritam.survey@aress.com | Aress12345$ | rate your day | rate your week | Good | Better | rate your month | 2 | 4 | 5 |" time="0">
    <skipped/>
  </testcase>
  <testcase name="Then Select Weightage value as 2 from dropdown 2" classname="| pritam.survey@aress.com | Aress12345$ | rate your day | rate your week | Good | Better | rate your month | 2 | 4 | 5 |" time="0">
    <skipped/>
  </testcase>
  <testcase name="Then Click on Add Options" classname="| pritam.survey@aress.com | Aress12345$ | rate your day | rate your week | Good | Better | rate your month | 2 | 4 | 5 |" time="0">
    <skipped/>
  </testcase>
  <testcase name="Then Click on Add Options" classname="| pritam.survey@aress.com | Aress12345$ | rate your day | rate your week | Good | Better | rate your month | 2 | 4 | 5 |" time="0">
    <skipped/>
  </testcase>
  <testcase name="Then Set option name1 as good Good" classname="| pritam.survey@aress.com | Aress12345$ | rate your day | rate your week | Good | Better | rate your month | 2 | 4 | 5 |" time="0">
    <skipped/>
  </testcase>
  <testcase name="Then Select Score as 4 from dropdown 4" classname="| pritam.survey@aress.com | Aress12345$ | rate your day | rate your week | Good | Better | rate your month | 2 | 4 | 5 |" time="0">
    <skipped/>
  </testcase>
  <testcase name="Then Set option name2 as better Better" classname="| pritam.survey@aress.com | Aress12345$ | rate your day | rate your week | Good | Better | rate your month | 2 | 4 | 5 |" time="0">
    <skipped/>
  </testcase>
  <testcase name="Then Select Score as 5 from dropdown 5" classname="| pritam.survey@aress.com | Aress12345$ | rate your day | rate your week | Good | Better | rate your month | 2 | 4 | 5 |" time="0">
    <skipped/>
  </testcase>
  <testcase name="Then Enter New Question as Slider rate your month" classname="| pritam.survey@aress.com | Aress12345$ | rate your day | rate your week | Good | Better | rate your month | 2 | 4 | 5 |" time="0">
    <skipped/>
  </testcase>
  <testcase name="Then Select Type of Question as Slider" classname="| pritam.survey@aress.com | Aress12345$ | rate your day | rate your week | Good | Better | rate your month | 2 | 4 | 5 |" time="0">
    <skipped/>
  </testcase>
  <testcase name="Given Enter SalesForce UserName pritam.survey@aress.com" classname="| pritam.survey@aress.com | Aress12345$ | Testing | qwertyuiui | 1 | rate your | rate your year | 1 | GOOD | 3 | rutuja.gaikwad@aressindia.net | 3 |" time="0"/>
  <testcase name="Then Enter SalesForce password Aress12345$" classname="| pritam.survey@aress.com | Aress12345$ | Testing | qwertyuiui | 1 | rate your | rate your year | 1 | GOOD | 3 | rutuja.gaikwad@aressindia.net | 3 |" time="0"/>
  <testcase name="Then Click on SalesForce Login button" classname="| pritam.survey@aress.com | Aress12345$ | Testing | qwertyuiui | 1 | rate your | rate your year | 1 | GOOD | 3 | rutuja.gaikwad@aressindia.net | 3 |" time="0"/>
  <testcase name="Then Click on Home" classname="| pritam.survey@aress.com | Aress12345$ | Testing | qwertyuiui | 1 | rate your | rate your year | 1 | GOOD | 3 | rutuja.gaikwad@aressindia.net | 3 |" time="0"/>
  <testcase name="Then Click on Survey launcher" classname="| pritam.survey@aress.com | Aress12345$ | Testing | qwertyuiui | 1 | rate your | rate your year | 1 | GOOD | 3 | rutuja.gaikwad@aressindia.net | 3 |" time="0"/>
  <testcase name="Then Click on Manage Survey" classname="| pritam.survey@aress.com | Aress12345$ | Testing | qwertyuiui | 1 | rate your | rate your year | 1 | GOOD | 3 | rutuja.gaikwad@aressindia.net | 3 |" time="0"/>
  <testcase name="Then Click on Create New Tab" classname="| pritam.survey@aress.com | Aress12345$ | Testing | qwertyuiui | 1 | rate your | rate your year | 1 | GOOD | 3 | rutuja.gaikwad@aressindia.net | 3 |" time="0">
    <error message="no such element: Unable to locate element: {&quot;method&quot;:&quot;xpath&quot;,&quot;selector&quot;:&quot;//iframe[@allowfullscreen=&apos;true&apos;]&quot;}&#10;  (Session info: chrome=72.0.3626.81)&#10;  (Driver info: chromedriver=2.45.615291 (ec3682e3c9061c10f26ea9e5cdcf3c53f3f74387),platform=Windows NT 6.1.7601 SP1 x86_64) (WARNING: The server did not provide any stacktrace information)&#10;Command duration or timeout: 30.00 seconds&#10;For documentation on this error, please visit: http://seleniumhq.org/exceptions/no_such_element.html&#10;Build info: version: &apos;2.45.0&apos;, revision: &apos;5017cb8e7ca8e37638dc3091b2440b90a1d8686f&apos;, time: &apos;2015-02-27 09:10:26&apos;&#10;System info: host: &apos;Machine-102&apos;, ip: &apos;192.168.5.102&apos;, os.name: &apos;Windows 7&apos;, os.arch: &apos;amd64&apos;, os.version: &apos;6.1&apos;, java.version: &apos;1.8.0_161&apos;&#10;Driver info: org.openqa.selenium.chrome.ChromeDriver&#10;Capabilities [{mobileEmulationEnabled=false, timeouts={implicit=0, pageLoad=300000, script=30000}, hasTouchScreen=false, platform=XP, acceptSslCerts=false, goog:chromeOptions={debuggerAddress=localhost:62813}, acceptInsecureCerts=false, webStorageEnabled=true, browserName=chrome, takesScreenshot=true, javascriptEnabled=true, setWindowRect=true, unexpectedAlertBehaviour=ignore, applicationCacheEnabled=false, rotatable=false, networkConnectionEnabled=false, chrome={chromedriverVersion=2.45.615291 (ec3682e3c9061c10f26ea9e5cdcf3c53f3f74387), userDataDir=C:\Users\user\AppData\Local\Temp\scoped_dir5508_28343}, takesHeapSnapshot=true, pageLoadStrategy=normal, strictFileInteractability=false, databaseEnabled=false, handlesAlerts=true, version=72.0.3626.81, browserConnectionEnabled=false, proxy={}, nativeEvents=true, locationContextEnabled=true, cssSelectorsEnabled=true}]&#10;Session ID: 60245d14d5e221fb1ddade7e50cd222b&#10;*** Element info: {Using=xpath, value=//iframe[@allowfullscreen=&apos;true&apos;]}" type="org.openqa.selenium.NoSuchElementException">org.openqa.selenium.NoSuchElementException: 
no such element: Unable to locate element: {"method":"xpath","selector":"//iframe[@allowfullscreen='true']"}
  (Session info: chrome=72.0.3626.81)
  (Driver info: chromedriver=2.45.615291 (ec3682e3c9061c10f26ea9e5cdcf3c53f3f74387),platform=Windows NT 6.1.7601 SP1 x86_64) (WARNING: The server did not provide any stacktrace information)
Command duration or timeout: 30.00 seconds
For documentation on this error, please visit: http://seleniumhq.org/exceptions/no_such_element.html
Build info: version: '2.45.0', revision: '5017cb8e7ca8e37638dc3091b2440b90a1d8686f', time: '2015-02-27 09:10:26'
System info: host: 'Machine-102', ip: '192.168.5.102', os.name: 'Windows 7', os.arch: 'amd64', os.version: '6.1', java.version: '1.8.0_161'
Driver info: org.openqa.selenium.chrome.ChromeDriver
Capabilities [{mobileEmulationEnabled=false, timeouts={implicit=0, pageLoad=300000, script=30000}, hasTouchScreen=false, platform=XP, acceptSslCerts=false, goog:chromeOptions={debuggerAddress=localhost:62813}, acceptInsecureCerts=false, webStorageEnabled=true, browserName=chrome, takesScreenshot=true, javascriptEnabled=true, setWindowRect=true, unexpectedAlertBehaviour=ignore, applicationCacheEnabled=false, rotatable=false, networkConnectionEnabled=false, chrome={chromedriverVersion=2.45.615291 (ec3682e3c9061c10f26ea9e5cdcf3c53f3f74387), userDataDir=C:\Users\user\AppData\Local\Temp\scoped_dir5508_28343}, takesHeapSnapshot=true, pageLoadStrategy=normal, strictFileInteractability=false, databaseEnabled=false, handlesAlerts=true, version=72.0.3626.81, browserConnectionEnabled=false, proxy={}, nativeEvents=true, locationContextEnabled=true, cssSelectorsEnabled=true}]
Session ID: 60245d14d5e221fb1ddade7e50cd222b
*** Element info: {Using=xpath, value=//iframe[@allowfullscreen='true']}
</error>
  </testcase>
  <testcase name="| pritam.survey@aress.com | Aress12345$ | Testing | qwertyuiui | 1 | rate your | rate your year | 1 | GOOD | 3 | rutuja.gaikwad@aressindia.net | 3 |" classname="| pritam.survey@aress.com | Aress12345$ | Testing | qwertyuiui | 1 | rate your | rate your year | 1 | GOOD | 3 | rutuja.gaikwad@aressindia.net | 3 |" time="0">
    <error message="no such element: Unable to locate element: {&quot;method&quot;:&quot;xpath&quot;,&quot;selector&quot;:&quot;//iframe[@allowfullscreen=&apos;true&apos;]&quot;}&#10;  (Session info: chrome=72.0.3626.81)&#10;  (Driver info: chromedriver=2.45.615291 (ec3682e3c9061c10f26ea9e5cdcf3c53f3f74387),platform=Windows NT 6.1.7601 SP1 x86_64) (WARNING: The server did not provide any stacktrace information)&#10;Command duration or timeout: 30.00 seconds&#10;For documentation on this error, please visit: http://seleniumhq.org/exceptions/no_such_element.html&#10;Build info: version: &apos;2.45.0&apos;, revision: &apos;5017cb8e7ca8e37638dc3091b2440b90a1d8686f&apos;, time: &apos;2015-02-27 09:10:26&apos;&#10;System info: host: &apos;Machine-102&apos;, ip: &apos;192.168.5.102&apos;, os.name: &apos;Windows 7&apos;, os.arch: &apos;amd64&apos;, os.version: &apos;6.1&apos;, java.version: &apos;1.8.0_161&apos;&#10;Driver info: org.openqa.selenium.chrome.ChromeDriver&#10;Capabilities [{mobileEmulationEnabled=false, timeouts={implicit=0, pageLoad=300000, script=30000}, hasTouchScreen=false, platform=XP, acceptSslCerts=false, goog:chromeOptions={debuggerAddress=localhost:62813}, acceptInsecureCerts=false, webStorageEnabled=true, browserName=chrome, takesScreenshot=true, javascriptEnabled=true, setWindowRect=true, unexpectedAlertBehaviour=ignore, applicationCacheEnabled=false, rotatable=false, networkConnectionEnabled=false, chrome={chromedriverVersion=2.45.615291 (ec3682e3c9061c10f26ea9e5cdcf3c53f3f74387), userDataDir=C:\Users\user\AppData\Local\Temp\scoped_dir5508_28343}, takesHeapSnapshot=true, pageLoadStrategy=normal, strictFileInteractability=false, databaseEnabled=false, handlesAlerts=true, version=72.0.3626.81, browserConnectionEnabled=false, proxy={}, nativeEvents=true, locationContextEnabled=true, cssSelectorsEnabled=true}]&#10;Session ID: 60245d14d5e221fb1ddade7e50cd222b&#10;*** Element info: {Using=xpath, value=//iframe[@allowfullscreen=&apos;true&apos;]}" type="org.openqa.selenium.NoSuchElementException">org.openqa.selenium.NoSuchElementException: 
no such element: Unable to locate element: {"method":"xpath","selector":"//iframe[@allowfullscreen='true']"}
  (Session info: chrome=72.0.3626.81)
  (Driver info: chromedriver=2.45.615291 (ec3682e3c9061c10f26ea9e5cdcf3c53f3f74387),platform=Windows NT 6.1.7601 SP1 x86_64) (WARNING: The server did not provide any stacktrace information)
Command duration or timeout: 30.00 seconds
For documentation on this error, please visit: http://seleniumhq.org/exceptions/no_such_element.html
Build info: version: '2.45.0', revision: '5017cb8e7ca8e37638dc3091b2440b90a1d8686f', time: '2015-02-27 09:10:26'
System info: host: 'Machine-102', ip: '192.168.5.102', os.name: 'Windows 7', os.arch: 'amd64', os.version: '6.1', java.version: '1.8.0_161'
Driver info: org.openqa.selenium.chrome.ChromeDriver
Capabilities [{mobileEmulationEnabled=false, timeouts={implicit=0, pageLoad=300000, script=30000}, hasTouchScreen=false, platform=XP, acceptSslCerts=false, goog:chromeOptions={debuggerAddress=localhost:62813}, acceptInsecureCerts=false, webStorageEnabled=true, browserName=chrome, takesScreenshot=true, javascriptEnabled=true, setWindowRect=true, unexpectedAlertBehaviour=ignore, applicationCacheEnabled=false, rotatable=false, networkConnectionEnabled=false, chrome={chromedriverVersion=2.45.615291 (ec3682e3c9061c10f26ea9e5cdcf3c53f3f74387), userDataDir=C:\Users\user\AppData\Local\Temp\scoped_dir5508_28343}, takesHeapSnapshot=true, pageLoadStrategy=normal, strictFileInteractability=false, databaseEnabled=false, handlesAlerts=true, version=72.0.3626.81, browserConnectionEnabled=false, proxy={}, nativeEvents=true, locationContextEnabled=true, cssSelectorsEnabled=true}]
Session ID: 60245d14d5e221fb1ddade7e50cd222b
*** Element info: {Using=xpath, value=//iframe[@allowfullscreen='true']}
</error>
  </testcase>
  <testcase name="Then Enter title for the survey Testing" classname="| pritam.survey@aress.com | Aress12345$ | Testing | qwertyuiui | 1 | rate your | rate your year | 1 | GOOD | 3 | rutuja.gaikwad@aressindia.net | 3 |" time="0">
    <skipped/>
  </testcase>
  <testcase name="Then Enter description qwertyuiui" classname="| pritam.survey@aress.com | Aress12345$ | Testing | qwertyuiui | 1 | rate your | rate your year | 1 | GOOD | 3 | rutuja.gaikwad@aressindia.net | 3 |" time="0">
    <skipped/>
  </testcase>
  <testcase name="Then Enter expiration days 1" classname="| pritam.survey@aress.com | Aress12345$ | Testing | qwertyuiui | 1 | rate your | rate your year | 1 | GOOD | 3 | rutuja.gaikwad@aressindia.net | 3 |" time="0">
    <skipped/>
  </testcase>
  <testcase name="Then Select date" classname="| pritam.survey@aress.com | Aress12345$ | Testing | qwertyuiui | 1 | rate your | rate your year | 1 | GOOD | 3 | rutuja.gaikwad@aressindia.net | 3 |" time="0">
    <skipped/>
  </testcase>
  <testcase name="Then Click on Next button" classname="| pritam.survey@aress.com | Aress12345$ | Testing | qwertyuiui | 1 | rate your | rate your year | 1 | GOOD | 3 | rutuja.gaikwad@aressindia.net | 3 |" time="0">
    <skipped/>
  </testcase>
  <testcase name="Then Click on Next button" classname="| pritam.survey@aress.com | Aress12345$ | Testing | qwertyuiui | 1 | rate your | rate your year | 1 | GOOD | 3 | rutuja.gaikwad@aressindia.net | 3 |" time="0">
    <skipped/>
  </testcase>
  <testcase name="Then Click on select questions from library" classname="| pritam.survey@aress.com | Aress12345$ | Testing | qwertyuiui | 1 | rate your | rate your year | 1 | GOOD | 3 | rutuja.gaikwad@aressindia.net | 3 |" time="0">
    <skipped/>
  </testcase>
  <testcase name="Then Enter text to search the question from library rate your" classname="| pritam.survey@aress.com | Aress12345$ | Testing | qwertyuiui | 1 | rate your | rate your year | 1 | GOOD | 3 | rutuja.gaikwad@aressindia.net | 3 |" time="0">
    <skipped/>
  </testcase>
  <testcase name="Then Click on filter" classname="| pritam.survey@aress.com | Aress12345$ | Testing | qwertyuiui | 1 | rate your | rate your year | 1 | GOOD | 3 | rutuja.gaikwad@aressindia.net | 3 |" time="0">
    <skipped/>
  </testcase>
  <testcase name="Then Select first question" classname="| pritam.survey@aress.com | Aress12345$ | Testing | qwertyuiui | 1 | rate your | rate your year | 1 | GOOD | 3 | rutuja.gaikwad@aressindia.net | 3 |" time="0">
    <skipped/>
  </testcase>
  <testcase name="Then Select second question" classname="| pritam.survey@aress.com | Aress12345$ | Testing | qwertyuiui | 1 | rate your | rate your year | 1 | GOOD | 3 | rutuja.gaikwad@aressindia.net | 3 |" time="0">
    <skipped/>
  </testcase>
  <testcase name="Then Select third question" classname="| pritam.survey@aress.com | Aress12345$ | Testing | qwertyuiui | 1 | rate your | rate your year | 1 | GOOD | 3 | rutuja.gaikwad@aressindia.net | 3 |" time="0">
    <skipped/>
  </testcase>
  <testcase name="Then Click on assign question" classname="| pritam.survey@aress.com | Aress12345$ | Testing | qwertyuiui | 1 | rate your | rate your year | 1 | GOOD | 3 | rutuja.gaikwad@aressindia.net | 3 |" time="0">
    <skipped/>
  </testcase>
  <testcase name="Then Click on Create new question" classname="| pritam.survey@aress.com | Aress12345$ | Testing | qwertyuiui | 1 | rate your | rate your year | 1 | GOOD | 3 | rutuja.gaikwad@aressindia.net | 3 |" time="0">
    <skipped/>
  </testcase>
  <testcase name="Then Enter question title rate your year" classname="| pritam.survey@aress.com | Aress12345$ | Testing | qwertyuiui | 1 | rate your | rate your year | 1 | GOOD | 3 | rutuja.gaikwad@aressindia.net | 3 |" time="0">
    <skipped/>
  </testcase>
  <testcase name="Then Select type of question multiselect" classname="| pritam.survey@aress.com | Aress12345$ | Testing | qwertyuiui | 1 | rate your | rate your year | 1 | GOOD | 3 | rutuja.gaikwad@aressindia.net | 3 |" time="0">
    <skipped/>
  </testcase>
  <testcase name="Then Click on add options" classname="| pritam.survey@aress.com | Aress12345$ | Testing | qwertyuiui | 1 | rate your | rate your year | 1 | GOOD | 3 | rutuja.gaikwad@aressindia.net | 3 |" time="0">
    <skipped/>
  </testcase>
  <testcase name="Then Enter option name GOOD" classname="| pritam.survey@aress.com | Aress12345$ | Testing | qwertyuiui | 1 | rate your | rate your year | 1 | GOOD | 3 | rutuja.gaikwad@aressindia.net | 3 |" time="0">
    <skipped/>
  </testcase>
  <testcase name="Then Select Score as 4 from dropdown 3" classname="| pritam.survey@aress.com | Aress12345$ | Testing | qwertyuiui | 1 | rate your | rate your year | 1 | GOOD | 3 | rutuja.gaikwad@aressindia.net | 3 |" time="0">
    <skipped/>
  </testcase>
  <testcase name="Then Click on create question" classname="| pritam.survey@aress.com | Aress12345$ | Testing | qwertyuiui | 1 | rate your | rate your year | 1 | GOOD | 3 | rutuja.gaikwad@aressindia.net | 3 |" time="0">
    <skipped/>
  </testcase>
  <testcase name="Then Click on Back to Survey question List" classname="| pritam.survey@aress.com | Aress12345$ | Testing | qwertyuiui | 1 | rate your | rate your year | 1 | GOOD | 3 | rutuja.gaikwad@aressindia.net | 3 |" time="0">
    <skipped/>
  </testcase>
  <testcase name="Then Navigate to custom email tab" classname="| pritam.survey@aress.com | Aress12345$ | Testing | qwertyuiui | 1 | rate your | rate your year | 1 | GOOD | 3 | rutuja.gaikwad@aressindia.net | 3 |" time="0">
    <skipped/>
  </testcase>
  <testcase name="Then Enter email ID rutuja.gaikwad@aressindia.net" classname="| pritam.survey@aress.com | Aress12345$ | Testing | qwertyuiui | 1 | rate your | rate your year | 1 | GOOD | 3 | rutuja.gaikwad@aressindia.net | 3 |" time="0">
    <skipped/>
  </testcase>
  <testcase name="Then Click on Next to send survey page" classname="| pritam.survey@aress.com | Aress12345$ | Testing | qwertyuiui | 1 | rate your | rate your year | 1 | GOOD | 3 | rutuja.gaikwad@aressindia.net | 3 |" time="0">
    <skipped/>
  </testcase>
  <testcase name="Then Click on send survey button" classname="| pritam.survey@aress.com | Aress12345$ | Testing | qwertyuiui | 1 | rate your | rate your year | 1 | GOOD | 3 | rutuja.gaikwad@aressindia.net | 3 |" time="0">
    <skipped/>
  </testcase>
  <testcase name="Then verify the success response" classname="| pritam.survey@aress.com | Aress12345$ | Testing | qwertyuiui | 1 | rate your | rate your year | 1 | GOOD | 3 | rutuja.gaikwad@aressindia.net | 3 |" time="0">
    <skipped/>
  </testcase>
</testsuite>